18:57:22.717 [main] INFO org.springframework.core.KotlinDetector - Kotlin reflection implementation not found at runtime, related features won't be available.

  .   ____          _            __ _ _
 /\\ / ___'_ __ _ _(_)_ __  __ _ \ \ \ \
( ( )\___ | '_ | '_| | '_ \/ _` | \ \ \ \
 \\/  ___)| |_)| | | | | || (_| |  ) ) ) )
  '  |____| .__|_| |_|_| |_\__, | / / / /
 =========|_|==============|___/=/_/_/_/
 :: Spring Boot ::        (v2.2.6.RELEASE)

2020-05-05 18:57:23.168  INFO 19692 --- [           main] com.funong.funong.FunongApplication      : Starting FunongApplication v0.0.1-SNAPSHOT on DESKTOP-DCU46N6 with PID 19692 (E:\javawebproject\funong\target\funong-0.0.1-SNAPSHOT.jar started by 24771 in E:\javawebproject\funong\target)
2020-05-05 18:57:23.241  WARN 19692 --- [kground-preinit] o.s.h.c.j.Jackson2ObjectMapperBuilder    : For Jackson Kotlin classes support please add "com.fasterxml.jackson.module:jackson-module-kotlin" to the classpath
2020-05-05 18:57:23.470  INFO 19692 --- [           main] com.funong.funong.FunongApplication      : No active profile set, falling back to default profiles: default
2020-05-05 18:57:24.778  INFO 19692 --- [           main] o.s.b.w.embedded.tomcat.TomcatWebServer  : Tomcat initialized with port(s): 2010 (http)
2020-05-05 18:57:24.787  INFO 19692 --- [           main] o.apache.catalina.core.StandardService   : Starting service [Tomcat]
2020-05-05 18:57:24.788  INFO 19692 --- [           main] org.apache.catalina.core.StandardEngine  : Starting Servlet engine: [Apache Tomcat/9.0.33]
2020-05-05 18:57:25.167  INFO 19692 --- [           main] o.a.c.c.C.[Tomcat].[localhost].[/]       : Initializing Spring embedded WebApplicationContext
2020-05-05 18:57:25.167  INFO 19692 --- [           main] o.s.web.context.ContextLoader            : Root WebApplicationContext: initialization completed in 1661 ms
2020-05-05 18:57:25.767  INFO 19692 --- [           main] o.s.s.concurrent.ThreadPoolTaskExecutor  : Initializing ExecutorService 'applicationTaskExecutor'
2020-05-05 18:57:25.926  INFO 19692 --- [           main] o.s.b.w.embedded.tomcat.TomcatWebServer  : Tomcat started on port(s): 2010 (http) with context path ''
2020-05-05 18:57:25.928  INFO 19692 --- [           main] com.funong.funong.FunongApplication      : Started FunongApplication in 3.138 seconds (JVM running for 3.618)
2020-05-05 18:59:37.148  INFO 19692 --- [nio-2010-exec-2] o.a.c.c.C.[Tomcat].[localhost].[/]       : Initializing Spring DispatcherServlet 'dispatcherServlet'
2020-05-05 18:59:37.148  INFO 19692 --- [nio-2010-exec-2] o.s.web.servlet.DispatcherServlet        : Initializing Servlet 'dispatcherServlet'
2020-05-05 18:59:37.158  INFO 19692 --- [nio-2010-exec-2] o.s.web.servlet.DispatcherServlet        : Completed initialization in 10 ms
log4j:WARN No appenders could be found for logger (druid.sql.Connection).
log4j:WARN Please initialize the log4j system properly.
log4j:WARN See http://logging.apache.org/log4j/1.2/faq.html#noconfig for more info.
2020-05-05 18:59:38.414  INFO 19692 --- [nio-2010-exec-2] com.alibaba.druid.pool.DruidDataSource   : {dataSource-1} inited
